<?xml version="1.0" encoding="UTF-8"?>
<testng-results ignored="0" total="1" passed="1" failed="0" skipped="0">
  <reporter-output>
  </reporter-output>
  <suite started-at="2023-03-02T17:11:25 IST" name="Default suite" finished-at="2023-03-02T17:11:30 IST" duration-ms="4800">
    <groups>
    </groups>
    <test started-at="2023-03-02T17:11:25 IST" name="Default test" finished-at="2023-03-02T17:11:30 IST" duration-ms="4800">
      <class name="cookiesAndHeader.Logging">
        <test-method signature="logg()[pri:0, instance:cookiesAndHeader.Logging@71b1176b]" started-at="2023-03-02T17:11:25 IST" name="logg" finished-at="2023-03-02T17:11:29 IST" duration-ms="4743" status="PASS">
          <reporter-output>
          </reporter-output>
        </test-method> <!-- logg -->
      </class> <!-- cookiesAndHeader.Logging -->
    </test> <!-- Default test -->
  </suite> <!-- Default suite -->
</testng-results>
